com.hrm.scripts.LoginLogoutTest 2017-02-20 19:41:31,500 com.hrm.base.BaseTest.initReport(BaseTest.java:55) Initializing ExtentReport 
com.hrm.scripts.LoginLogoutTest 2017-02-20 19:41:31,937 com.hrm.base.BaseTest.initGlobalVar(BaseTest.java:70) Initialize Global Variables 
com.hrm.scripts.LoginLogoutTest 2017-02-20 19:41:31,962 com.hrm.base.BaseTest.initApplication(BaseTest.java:81) Opening Browser:firefox 
com.hrm.scripts.LoginLogoutTest 2017-02-20 19:42:35,001 com.hrm.base.BaseTest.initReport(BaseTest.java:55) Initializing ExtentReport 
com.hrm.scripts.LoginLogoutTest 2017-02-20 19:42:35,231 com.hrm.base.BaseTest.initGlobalVar(BaseTest.java:70) Initialize Global Variables 
com.hrm.scripts.LoginLogoutTest 2017-02-20 19:42:35,238 com.hrm.base.BaseTest.initApplication(BaseTest.java:81) Opening Browser:firefox 
com.hrm.scripts.LoginLogoutTest 2017-02-20 19:42:42,146 com.hrm.base.BaseTest.preCondition(BaseTest.java:103) Auto login 
com.hrm.scripts.LoginLogoutTest 2017-02-20 19:42:43,895 com.hrm.base.BaseTest.preCondition(BaseTest.java:107) Started executing test:testAutoLoginLogout 
com.hrm.scripts.LoginLogoutTest 2017-02-20 19:42:43,908 com.hrm.scripts.LoginLogoutTest.testAutoLoginLogout(LoginLogoutTest.java:10) This script will automatically login and logout 
com.hrm.scripts.LoginLogoutTest 2017-02-20 19:42:43,910 com.hrm.base.BaseTest.postCondition(BaseTest.java:113) Auto logout 
com.hrm.scripts.LoginLogoutTest 2017-02-20 19:43:07,323 com.hrm.base.BaseTest.initReport(BaseTest.java:55) Initializing ExtentReport 
com.hrm.scripts.LoginLogoutTest 2017-02-20 19:43:07,535 com.hrm.base.BaseTest.initGlobalVar(BaseTest.java:70) Initialize Global Variables 
com.hrm.scripts.LoginLogoutTest 2017-02-20 19:43:07,542 com.hrm.base.BaseTest.initApplication(BaseTest.java:81) Opening Browser:chrome 
com.hrm.scripts.LoginLogoutTest 2017-02-20 19:44:15,457 com.hrm.base.BaseTest.initReport(BaseTest.java:55) Initializing ExtentReport 
com.hrm.scripts.LoginLogoutTest 2017-02-20 19:44:15,693 com.hrm.base.BaseTest.initGlobalVar(BaseTest.java:70) Initialize Global Variables 
com.hrm.scripts.LoginLogoutTest 2017-02-20 19:44:15,700 com.hrm.base.BaseTest.initApplication(BaseTest.java:81) Opening Browser:chrome 
com.hrm.scripts.LoginLogoutTest 2017-02-20 19:44:27,399 com.hrm.base.BaseTest.preCondition(BaseTest.java:103) Auto login 
com.hrm.scripts.LoginLogoutTest 2017-02-20 19:44:30,374 com.hrm.base.BaseTest.preCondition(BaseTest.java:107) Started executing test:testAutoLoginLogout 
com.hrm.scripts.LoginLogoutTest 2017-02-20 19:44:30,378 com.hrm.scripts.LoginLogoutTest.testAutoLoginLogout(LoginLogoutTest.java:10) This script will automatically login and logout 
com.hrm.scripts.LoginLogoutTest 2017-02-20 19:44:30,379 com.hrm.base.BaseTest.postCondition(BaseTest.java:113) Auto logout 
com.hrm.scripts.LoginLogoutTest 2017-02-20 19:51:53,459 com.hrm.base.BaseTest.initReport(BaseTest.java:55) Initializing ExtentReport 
com.hrm.scripts.LoginLogoutTest 2017-02-20 19:51:53,705 com.hrm.base.BaseTest.initGlobalVar(BaseTest.java:70) Initialize Global Variables 
com.hrm.scripts.LoginLogoutTest 2017-02-20 19:51:53,712 com.hrm.base.BaseTest.initApplication(BaseTest.java:81) Opening Browser:chrome 
com.hrm.scripts.LoginLogoutTest 2017-02-20 19:51:58,939 com.hrm.base.BaseTest.preCondition(BaseTest.java:103) Auto login 
com.hrm.scripts.LoginLogoutTest 2017-02-20 19:52:00,615 com.hrm.base.BaseTest.preCondition(BaseTest.java:107) Started executing test:testAutoLoginLogout 
com.hrm.scripts.LoginLogoutTest 2017-02-20 19:52:00,621 com.hrm.scripts.LoginLogoutTest.testAutoLoginLogout(LoginLogoutTest.java:10) This script will automatically login and logout 
com.hrm.scripts.LoginLogoutTest 2017-02-20 19:52:00,622 com.hrm.base.BaseTest.postCondition(BaseTest.java:113) Auto logout 
com.hrm.scripts.LoginLogoutTest 2017-02-20 20:13:10,578 com.hrm.base.BaseTest.initReport(BaseTest.java:55) Initializing ExtentReport 
com.hrm.scripts.LoginLogoutTest 2017-02-20 20:13:11,160 com.hrm.base.BaseTest.initGlobalVar(BaseTest.java:70) Initialize Global Variables 
com.hrm.scripts.LoginLogoutTest 2017-02-20 20:13:11,178 com.hrm.base.BaseTest.initApplication(BaseTest.java:81) Opening Browser:chrome 
com.hrm.scripts.LoginLogoutTest 2017-02-20 20:13:54,866 com.hrm.base.BaseTest.initReport(BaseTest.java:55) Initializing ExtentReport 
com.hrm.scripts.LoginLogoutTest 2017-02-20 20:13:55,054 com.hrm.base.BaseTest.initGlobalVar(BaseTest.java:70) Initialize Global Variables 
com.hrm.scripts.LoginLogoutTest 2017-02-20 20:13:55,061 com.hrm.base.BaseTest.initApplication(BaseTest.java:81) Opening Browser:firefox 
com.hrm.scripts.LoginLogoutTest 2017-02-20 20:14:03,084 com.hrm.base.BaseTest.preCondition(BaseTest.java:103) Auto login 
com.hrm.scripts.LoginLogoutTest 2017-02-20 20:14:03,350 com.hrm.base.BaseTest.preCondition(BaseTest.java:107) Started executing test:testAutoLoginLogout 
com.hrm.scripts.LoginLogoutTest 2017-02-20 20:14:03,358 com.hrm.scripts.LoginLogoutTest.testAutoLoginLogout(LoginLogoutTest.java:10) This script will automatically login and logout 
com.hrm.scripts.LoginLogoutTest 2017-02-20 20:14:03,360 com.hrm.base.BaseTest.postCondition(BaseTest.java:113) Auto logout 
com.hrm.scripts.LoginLogoutTest 2017-02-20 20:31:34,510 com.hrm.base.BaseTest.initReport(BaseTest.java:55) Initializing ExtentReport 
com.hrm.scripts.LoginLogoutTest 2017-02-20 20:31:34,808 com.hrm.base.BaseTest.initGlobalVar(BaseTest.java:70) Initialize Global Variables 
com.hrm.scripts.LoginLogoutTest 2017-02-20 20:31:34,817 com.hrm.base.BaseTest.initApplication(BaseTest.java:81) Opening Browser:firefox 
com.hrm.scripts.LoginLogoutTest 2017-02-20 20:31:40,634 com.hrm.base.BaseTest.preCondition(BaseTest.java:103) Auto login 
com.hrm.scripts.LoginLogoutTest 2017-02-20 20:31:41,113 com.hrm.base.BaseTest.preCondition(BaseTest.java:107) Started executing test:testAutoLoginLogout 
com.hrm.scripts.LoginLogoutTest 2017-02-20 20:31:41,121 com.hrm.scripts.LoginLogoutTest.testAutoLoginLogout(LoginLogoutTest.java:10) This script will automatically login and logout 
com.hrm.scripts.LoginLogoutTest 2017-02-20 20:31:41,123 com.hrm.base.BaseTest.postCondition(BaseTest.java:113) Auto logout 
com.hrm.scripts.LoginLogoutTest 2017-02-21 10:11:40,321 com.hrm.base.BaseTest.initReport(BaseTest.java:55) Initializing ExtentReport 
com.hrm.scripts.LoginLogoutTest 2017-02-21 10:11:40,571 com.hrm.base.BaseTest.initGlobalVar(BaseTest.java:70) Initialize Global Variables 
com.hrm.scripts.LoginLogoutTest 2017-02-21 10:11:40,583 com.hrm.base.BaseTest.initApplication(BaseTest.java:81) Opening Browser:firefox 
com.hrm.scripts.LoginLogoutTest 2017-02-21 10:11:53,427 com.hrm.base.BaseTest.preCondition(BaseTest.java:103) Auto login 
com.hrm.scripts.LoginLogoutTest 2017-02-21 10:11:53,794 com.hrm.base.BaseTest.preCondition(BaseTest.java:107) Started executing test:testAutoLoginLogout 
com.hrm.scripts.LoginLogoutTest 2017-02-21 10:11:53,800 com.hrm.scripts.LoginLogoutTest.testAutoLoginLogout(LoginLogoutTest.java:10) This script will automatically login and logout 
com.hrm.scripts.LoginLogoutTest 2017-02-21 10:11:53,803 com.hrm.base.BaseTest.postCondition(BaseTest.java:113) Auto logout 
com.hrm.scripts.LoginLogoutTest 2017-02-21 10:12:36,097 com.hrm.base.BaseTest.initReport(BaseTest.java:55) Initializing ExtentReport 
com.hrm.scripts.LoginLogoutTest 2017-02-21 10:12:36,287 com.hrm.base.BaseTest.initGlobalVar(BaseTest.java:70) Initialize Global Variables 
com.hrm.scripts.LoginLogoutTest 2017-02-21 10:12:36,295 com.hrm.base.BaseTest.initApplication(BaseTest.java:81) Opening Browser:firefox 
com.hrm.scripts.LoginLogoutTest 2017-02-21 10:12:47,360 com.hrm.base.BaseTest.preCondition(BaseTest.java:103) Auto login 
com.hrm.scripts.LoginLogoutTest 2017-02-21 10:12:47,724 com.hrm.base.BaseTest.preCondition(BaseTest.java:107) Started executing test:testAutoLoginLogout 
com.hrm.scripts.LoginLogoutTest 2017-02-21 10:12:47,742 com.hrm.scripts.LoginLogoutTest.testAutoLoginLogout(LoginLogoutTest.java:10) This script will automatically login and logout 
com.hrm.scripts.LoginLogoutTest 2017-02-21 10:12:47,747 com.hrm.base.BaseTest.postCondition(BaseTest.java:113) Auto logout 
com.hrm.scripts.LoginLogoutTest 2017-02-21 20:30:54,411 com.hrm.base.BaseTest.initReport(BaseTest.java:55) Initializing ExtentReport 
com.hrm.scripts.LoginLogoutTest 2017-02-21 20:30:55,298 com.hrm.base.BaseTest.initGlobalVar(BaseTest.java:70) Initialize Global Variables 
com.hrm.scripts.LoginLogoutTest 2017-02-21 20:30:55,332 com.hrm.base.BaseTest.initApplication(BaseTest.java:81) Opening Browser:firefox 
com.hrm.scripts.LoginLogoutTest 2017-02-21 20:31:22,943 com.hrm.base.BaseTest.preCondition(BaseTest.java:103) Auto login 
com.hrm.scripts.LoginLogoutTest 2017-02-21 20:31:23,446 com.hrm.base.BaseTest.preCondition(BaseTest.java:107) Started executing test:testAutoLoginLogout 
com.hrm.scripts.LoginLogoutTest 2017-02-21 20:31:23,461 com.hrm.scripts.LoginLogoutTest.testAutoLoginLogout(LoginLogoutTest.java:10) This script will automatically login and logout 
com.hrm.scripts.LoginLogoutTest 2017-02-21 20:31:23,462 com.hrm.base.BaseTest.postCondition(BaseTest.java:113) Auto logout 
